TN:
SF:/mnt/c/Users/admin/OneDrive/Dokument/GitHub/IOOPM_inlupp2/Back_end/Generic_func_Data_types/common.c
FN:5,ioopm_elem_is_empty
FNDA:0,ioopm_elem_is_empty
FN:10,ioopm_elem_int_eq
FNDA:0,ioopm_elem_int_eq
FN:15,ioopm_elem_str_eq
FNDA:118,ioopm_elem_str_eq
FN:22,ioopm_elem_bool_eq
FNDA:0,ioopm_elem_bool_eq
FN:34,ioopm_elem_float_eq
FNDA:0,ioopm_elem_float_eq
FN:40,ioopm_elem_uint_eq
FNDA:0,ioopm_elem_uint_eq
FN:48,ioopm_string_hash
FNDA:15,ioopm_string_hash
FN:54,ioopm_int_hash
FNDA:0,ioopm_int_hash
FN:64,ioopm_uint_hash
FNDA:0,ioopm_uint_hash
FN:73,ioopm_int_to_elem
FNDA:0,ioopm_int_to_elem
FN:80,ioopm_ptr_to_elem
FNDA:10,ioopm_ptr_to_elem
FN:87,ioopm_str_to_elem
FNDA:33,ioopm_str_to_elem
FN:94,ioopm_uint_to_elem
FNDA:0,ioopm_uint_to_elem
FN:101,ioopm_create_empty_elem
FNDA:248,ioopm_create_empty_elem
DA:5,0
DA:7,0
DA:10,0
DA:12,0
DA:15,118
DA:17,118
DA:18,118
DA:19,118
DA:22,0
DA:24,0
DA:26,0
DA:30,0
DA:34,0
DA:36,0
DA:40,0
DA:42,0
DA:48,15
DA:50,15
DA:51,15
DA:54,0
DA:56,0
DA:57,0
DA:59,0
DA:61,0
DA:64,0
DA:66,0
DA:67,0
DA:73,0
DA:75,0
DA:76,0
DA:77,0
DA:80,10
DA:82,10
DA:83,10
DA:84,10
DA:87,33
DA:89,33
DA:90,33
DA:91,33
DA:94,0
DA:96,0
DA:97,0
DA:98,0
DA:101,248
DA:104,248
DA:105,248
DA:106,248
DA:107,248
DA:108,248
DA:109,248
DA:110,248
end_of_record
TN:
SF:/mnt/c/Users/admin/OneDrive/Dokument/GitHub/IOOPM_inlupp2/db.c
FN:3,shelf_unique
FNDA:8,shelf_unique
FN:8,is_shelf
FNDA:2,is_shelf
FN:22,destroy_shelf_listfunc
FNDA:1,destroy_shelf_listfunc
FN:29,item_unique
FNDA:2,item_unique
FN:34,ioopm_random_shelf
FNDA:8,ioopm_random_shelf
FN:54,ioopm_destroy_item
FNDA:1,ioopm_destroy_item
FN:63,destroy_item_hashfunc
FNDA:0,destroy_item_hashfunc
FN:71,ioopm_remove_item
FNDA:2,ioopm_remove_item
FN:89,edit_item
FNDA:0,edit_item
FN:133,ioopm_create_warehouse
FNDA:3,ioopm_create_warehouse
FN:140,ioopm_warehouse_destroy
FNDA:2,ioopm_warehouse_destroy
FN:147,replenish_stock
FNDA:4,replenish_stock
FN:178,list_db
FNDA:0,list_db
FN:216,show_stock_db
FNDA:0,show_stock_db
FN:231,ask_question_shelf
FNDA:0,ask_question_shelf
FN:236,ioopm_choose_item_from_list
FNDA:0,ioopm_choose_item_from_list
FN:251,ioopm_llsl_array
FNDA:0,ioopm_llsl_array
FN:268,ioopm_item_list_destroy
FNDA:1,ioopm_item_list_destroy
FN:278,ioopm_item_array
FNDA:1,ioopm_item_array
DA:3,8
DA:5,8
DA:8,2
DA:10,2
DA:12,4
DA:14,3
DA:15,1
DA:17,1
DA:19,0
DA:22,1
DA:26,1
DA:27,1
DA:29,2
DA:31,2
DA:34,8
DA:36,8
DA:39,8
DA:40,8
DA:41,8
DA:43,8
DA:44,8
DA:45,8
DA:47,8
DA:48,8
DA:49,8
DA:51,8
DA:54,1
DA:56,1
DA:57,1
DA:58,1
DA:59,1
DA:60,1
DA:61,1
DA:63,0
DA:67,0
DA:68,0
DA:69,0
DA:71,2
DA:73,2
DA:75,1
DA:76,1
DA:77,2
DA:79,1
DA:80,1
DA:83,1
DA:84,1
DA:86,1
DA:89,0
DA:91,0
DA:92,0
DA:94,0
DA:95,0
DA:97,0
DA:98,0
DA:99,0
DA:101,0
DA:105,0
DA:110,0
DA:111,0
DA:113,0
DA:115,0
DA:116,0
DA:120,0
DA:121,0
DA:123,0
DA:124,0
DA:126,0
DA:128,0
DA:130,0
DA:131,0
DA:133,3
DA:135,3
DA:136,3
DA:137,3
DA:140,2
DA:142,2
DA:143,2
DA:144,2
DA:145,2
DA:147,4
DA:152,4
DA:153,11
DA:155,8
DA:156,16
DA:158,8
DA:159,8
DA:161,8
DA:162,8
DA:166,0
DA:170,8
DA:171,8
DA:173,3
DA:175,1
DA:178,0
DA:180,0
DA:182,0
DA:184,0
DA:186,0
DA:187,0
DA:189,0
DA:191,0
DA:193,0
DA:194,0
DA:197,0
DA:199,0
DA:200,0
DA:201,0
DA:205,0
DA:207,0
DA:208,0
DA:210,0
DA:213,0
DA:214,0
DA:216,0
DA:218,0
DA:219,0
DA:220,0
DA:221,0
DA:223,0
DA:224,0
DA:226,0
DA:228,0
DA:229,0
DA:231,0
DA:233,0
DA:236,0
DA:238,0
DA:240,0
DA:242,0
DA:243,0
DA:245,0
DA:246,0
DA:248,0
DA:251,0
DA:253,0
DA:254,0
DA:256,0
DA:258,0
DA:259,0
DA:261,0
DA:264,0
DA:265,0
DA:268,1
DA:271,2
DA:273,1
DA:275,1
DA:276,1
DA:278,1
DA:280,1
DA:281,1
DA:282,1
DA:284,2
DA:286,1
DA:287,1
DA:289,0
DA:292,1
DA:293,1
DA:294,1
end_of_record
TN:
SF:/mnt/c/Users/admin/OneDrive/Dokument/GitHub/IOOPM_inlupp2/Back_end/db_back_end.c
FN:6,ioopm_choose_item_from_list_backend
FNDA:3,ioopm_choose_item_from_list_backend
FN:27,make_item_backend
FNDA:6,make_item_backend
FN:36,ioopm_add_item
FNDA:2,ioopm_add_item
DA:6,3
DA:8,3
DA:10,3
DA:11,3
DA:13,1
DA:15,1
DA:17,1
DA:19,1
DA:21,1
DA:24,2
DA:27,6
DA:29,6
DA:30,6
DA:32,6
DA:33,6
DA:36,2
DA:38,2
DA:40,2
DA:43,2
DA:45,0
DA:46,0
end_of_record
TN:
SF:/mnt/c/Users/admin/OneDrive/Dokument/GitHub/IOOPM_inlupp2/db_test.c
FN:6,init_suite
FNDA:1,init_suite
FN:13,clean_suite
FNDA:1,clean_suite
FN:20,test_is_shelf
FNDA:1,test_is_shelf
FN:51,test_remove_item
FNDA:1,test_remove_item
FN:70,test_replenish_stock
FNDA:1,test_replenish_stock
FN:88,test_choose_item_backend
FNDA:1,test_choose_item_backend
FN:102,main
FNDA:1,main
DA:6,1
DA:10,1
DA:13,1
DA:17,1
DA:20,1
DA:22,1
DA:23,1
DA:25,1
DA:26,1
DA:27,1
DA:51,1
DA:53,1
DA:54,1
DA:55,1
DA:57,1
DA:58,1
DA:59,1
DA:61,1
DA:62,1
DA:64,1
DA:65,1
DA:67,1
DA:68,1
DA:70,1
DA:72,1
DA:73,1
DA:74,1
DA:76,1
DA:77,1
DA:78,1
DA:80,1
DA:81,1
DA:82,1
DA:83,1
DA:85,1
DA:86,1
DA:88,1
DA:90,1
DA:91,1
DA:92,1
DA:94,1
DA:96,1
DA:98,1
DA:99,1
DA:100,1
DA:102,1
DA:105,1
DA:106,0
DA:110,1
DA:111,1
DA:114,0
DA:115,0
DA:123,1
DA:124,2
DA:125,2
DA:126,2
DA:127,1
DA:132,0
DA:133,0
DA:139,1
DA:143,1
DA:146,1
DA:147,1
end_of_record
TN:
SF:/mnt/c/Users/admin/OneDrive/Dokument/GitHub/IOOPM_inlupp2/Back_end/hash_table.c
FN:4,bucket_destroy
FNDA:75,bucket_destroy
FN:14,ioopm_hash_table_destroy
FNDA:4,ioopm_hash_table_destroy
FN:23,find_previous_entry_for_key
FNDA:15,find_previous_entry_for_key
FN:42,entry_create
FNDA:112,entry_create
FN:53,ioopm_hash_table_create
FNDA:6,ioopm_hash_table_create
FN:79,ioopm_hash_table_insert
FNDA:10,ioopm_hash_table_insert
FN:97,ioopm_hash_table_lookup
FNDA:3,ioopm_hash_table_lookup
FN:118,ioopm_hash_table_remove
FNDA:2,ioopm_hash_table_remove
FN:138,ioopm_hash_table_size
FNDA:44,ioopm_hash_table_size
FN:156,ioopm_hash_table_is_empty
FNDA:0,ioopm_hash_table_is_empty
FN:169,ioopm_hash_table_clear
FNDA:0,ioopm_hash_table_clear
FN:178,ioopm_hash_table_keys
FNDA:1,ioopm_hash_table_keys
FN:200,ioopm_hash_table_values
FNDA:0,ioopm_hash_table_values
FN:222,ioopm_hash_table_has_key
FNDA:10,ioopm_hash_table_has_key
FN:247,ioopm_hash_table_has_value
FNDA:0,ioopm_hash_table_has_value
FN:269,ioopm_hash_table_all
FNDA:0,ioopm_hash_table_all
FN:291,ioopm_hash_table_any
FNDA:0,ioopm_hash_table_any
FN:312,ioopm_hash_table_apply_to_all
FNDA:2,ioopm_hash_table_apply_to_all
DA:4,75
DA:6,75
DA:7,75
DA:8,75
DA:10,7
DA:12,75
DA:14,4
DA:16,72
DA:18,68
DA:20,4
DA:21,4
DA:23,15
DA:25,15
DA:27,36
DA:29,36
DA:31,11
DA:33,25
DA:35,4
DA:37,21
DA:39,0
DA:42,112
DA:44,112
DA:46,112
DA:47,112
DA:48,112
DA:50,112
DA:53,6
DA:57,6
DA:59,108
DA:61,102
DA:64,6
DA:65,6
DA:67,6
DA:69,0
DA:73,6
DA:76,6
DA:79,10
DA:81,10
DA:83,10
DA:84,10
DA:87,10
DA:89,0
DA:93,10
DA:95,10
DA:97,3
DA:99,3
DA:101,3
DA:102,3
DA:104,3
DA:106,1
DA:107,1
DA:111,2
DA:112,2
DA:115,0
DA:118,2
DA:120,2
DA:121,2
DA:123,2
DA:125,0
DA:126,0
DA:130,2
DA:131,2
DA:132,2
DA:133,2
DA:134,2
DA:138,44
DA:140,44
DA:143,792
DA:145,748
DA:147,874
DA:149,126
DA:150,126
DA:153,44
DA:156,0
DA:159,0
DA:161,0
DA:163,0
DA:166,0
DA:169,0
DA:171,0
DA:173,0
DA:174,0
DA:176,0
DA:178,1
DA:180,1
DA:181,1
DA:182,1
DA:184,18
DA:186,17
DA:187,17
DA:189,2
DA:191,1
DA:192,1
DA:193,1
DA:197,1
DA:200,0
DA:202,0
DA:203,0
DA:204,0
DA:206,0
DA:208,0
DA:209,0
DA:211,0
DA:213,0
DA:214,0
DA:215,0
DA:219,0
DA:222,10
DA:225,31
DA:227,21
DA:229,378
DA:231,357
DA:232,448
DA:234,91
DA:235,91
DA:237,0
DA:239,91
DA:244,10
DA:247,0
DA:249,0
DA:250,0
DA:252,0
DA:254,0
DA:255,0
DA:257,0
DA:259,0
DA:261,0
DA:263,0
DA:266,0
DA:269,0
DA:271,0
DA:272,0
DA:274,0
DA:276,0
DA:277,0
DA:280,0
DA:281,0
DA:283,0
DA:285,0
DA:288,0
DA:291,0
DA:293,0
DA:294,0
DA:296,0
DA:298,0
DA:299,0
DA:301,0
DA:303,0
DA:305,0
DA:307,0
DA:310,0
DA:312,2
DA:314,2
DA:315,2
DA:316,2
DA:317,2
DA:319,0
DA:320,0
DA:322,0
DA:323,0
DA:324,0
DA:327,2
end_of_record
TN:
SF:/mnt/c/Users/admin/OneDrive/Dokument/GitHub/IOOPM_inlupp2/Back_end/iterator.c
FN:9,ioopm_iterator_has_next
FNDA:0,ioopm_iterator_has_next
FN:21,ioopm_iterator_next
FNDA:0,ioopm_iterator_next
FN:97,ioopm_iterator_insert
FNDA:0,ioopm_iterator_insert
FN:143,ioopm_iterator_reset
FNDA:0,ioopm_iterator_reset
FN:160,ioopm_iterator_current
FNDA:1,ioopm_iterator_current
FN:173,ioopm_iterator_destroy
FNDA:1,ioopm_iterator_destroy
DA:9,0
DA:11,0
DA:13,0
DA:15,0
DA:18,0
DA:21,0
DA:23,0
DA:25,0
DA:27,0
DA:29,0
DA:30,0
DA:34,0
DA:35,0
DA:40,0
DA:41,0
DA:46,0
DA:47,0
DA:97,0
DA:99,0
DA:101,0
DA:103,0
DA:104,0
DA:105,0
DA:107,0
DA:108,0
DA:109,0
DA:116,0
DA:118,0
DA:120,0
DA:121,0
DA:122,0
DA:123,0
DA:124,0
DA:125,0
DA:129,0
DA:134,0
DA:139,0
DA:141,0
DA:143,0
DA:145,0
DA:146,0
DA:148,0
DA:150,0
DA:151,0
DA:154,0
DA:156,0
DA:158,0
DA:160,1
DA:162,1
DA:164,1
DA:166,1
DA:169,0
DA:170,0
DA:173,1
DA:175,1
DA:177,1
DA:181,0
DA:183,1
end_of_record
TN:
SF:/mnt/c/Users/admin/OneDrive/Dokument/GitHub/IOOPM_inlupp2/Back_end/linked_list.c
FN:14,link_create
FNDA:9,link_create
FN:22,ioopm_linked_list_create
FNDA:7,ioopm_linked_list_create
FN:29,ioopm_fill_linked_list
FNDA:0,ioopm_fill_linked_list
FN:44,ioopm_linked_list_destroy
FNDA:2,ioopm_linked_list_destroy
FN:66,ioopm_linked_list_append
FNDA:1,ioopm_linked_list_append
FN:91,ioopm_linked_list_prepend
FNDA:8,ioopm_linked_list_prepend
FN:104,ioopm_linked_list_insert
FNDA:0,ioopm_linked_list_insert
FN:137,linked_list_remove
FNDA:0,linked_list_remove
FN:165,ioopm_linked_list_remove
FNDA:0,ioopm_linked_list_remove
FN:192,ioopm_linked_list_get
FNDA:1,ioopm_linked_list_get
FN:217,ioopm_linked_list_contains
FNDA:0,ioopm_linked_list_contains
FN:238,ioopm_linked_list_size
FNDA:0,ioopm_linked_list_size
FN:251,ioopm_linked_list_is_empty
FNDA:0,ioopm_linked_list_is_empty
FN:263,ioopm_linked_list_clear
FNDA:0,ioopm_linked_list_clear
FN:286,ioopm_linked_list_all
FNDA:0,ioopm_linked_list_all
FN:320,ioopm_linked_list_any
FNDA:0,ioopm_linked_list_any
FN:355,ioopm_linked_list_apply_to_all
FNDA:1,ioopm_linked_list_apply_to_all
FN:381,ioopm_list_iterator
FNDA:1,ioopm_list_iterator
DA:14,9
DA:16,9
DA:17,9
DA:18,9
DA:19,9
DA:22,7
DA:24,7
DA:25,7
DA:26,7
DA:29,0
DA:31,0
DA:33,0
DA:35,0
DA:40,0
DA:42,0
DA:44,2
DA:46,2
DA:48,2
DA:50,2
DA:51,4
DA:53,2
DA:54,2
DA:55,2
DA:58,2
DA:62,0
DA:64,2
DA:66,1
DA:68,1
DA:70,1
DA:72,1
DA:76,0
DA:77,0
DA:79,0
DA:81,0
DA:83,1
DA:87,0
DA:89,1
DA:91,8
DA:93,8
DA:95,8
DA:96,8
DA:100,0
DA:102,8
DA:104,0
DA:106,0
DA:108,0
DA:110,0
DA:112,0
DA:113,0
DA:117,0
DA:118,0
DA:120,0
DA:122,0
DA:123,0
DA:128,0
DA:133,0
DA:135,0
DA:137,0
DA:139,0
DA:141,0
DA:142,0
DA:143,0
DA:144,0
DA:145,0
DA:146,0
DA:150,0
DA:151,0
DA:152,0
DA:154,0
DA:155,0
DA:157,0
DA:158,0
DA:159,0
DA:160,0
DA:161,0
DA:165,0
DA:167,0
DA:169,0
DA:171,0
DA:173,0
DA:174,0
DA:178,0
DA:179,0
DA:183,0
DA:187,0
DA:188,0
DA:192,1
DA:194,1
DA:196,1
DA:198,0
DA:199,0
DA:202,1
DA:203,1
DA:205,0
DA:208,1
DA:212,0
DA:213,0
DA:217,0
DA:219,0
DA:221,0
DA:222,0
DA:224,0
DA:226,0
DA:228,0
DA:233,0
DA:235,0
DA:238,0
DA:240,0
DA:242,0
DA:246,0
DA:247,0
DA:251,0
DA:253,0
DA:255,0
DA:259,0
DA:263,0
DA:265,0
DA:267,0
DA:269,0
DA:270,0
DA:272,0
DA:277,0
DA:282,0
DA:284,0
DA:286,0
DA:288,0
DA:290,0
DA:291,0
DA:292,0
DA:293,0
DA:295,0
DA:297,0
DA:299,0
DA:301,0
DA:302,0
DA:304,0
DA:306,0
DA:310,0
DA:315,0
DA:316,0
DA:320,0
DA:322,0
DA:324,0
DA:325,0
DA:326,0
DA:328,0
DA:330,0
DA:332,0
DA:334,0
DA:336,0
DA:337,0
DA:339,0
DA:341,0
DA:345,0
DA:350,0
DA:351,0
DA:355,1
DA:357,1
DA:359,1
DA:361,1
DA:362,1
DA:363,2
DA:365,1
DA:366,1
DA:367,1
DA:372,0
DA:377,0
DA:379,1
DA:381,1
DA:383,1
DA:385,1
DA:386,1
DA:387,1
DA:388,1
DA:390,0
DA:391,0
end_of_record
TN:
SF:/mnt/c/Users/admin/OneDrive/Dokument/GitHub/IOOPM_inlupp2/Back_end/shopping_cart.c
FN:21,ioopm_cart_id
FNDA:2,ioopm_cart_id
FN:26,ioopm_elem_cart_item_eq
FNDA:0,ioopm_elem_cart_item_eq
FN:33,create_cart
FNDA:21,create_cart
FN:43,create_cart_item
FNDA:8,create_cart_item
FN:51,choose_cart
FNDA:2,choose_cart
FN:61,ioopm_add_to_cart
FNDA:9,ioopm_add_to_cart
FN:108,ioopm_amount_items_in_cart
FNDA:9,ioopm_amount_items_in_cart
FN:126,ioopm_is_in_shopping_cart
FNDA:19,ioopm_is_in_shopping_cart
FN:131,print_item
FNDA:0,print_item
FN:136,ioopm_list_items_in_cart
FNDA:0,ioopm_list_items_in_cart
FN:157,ioopm_destroy_cart
FNDA:22,ioopm_destroy_cart
FN:184,destroy_cart_hashfunc
FNDA:5,destroy_cart_hashfunc
FN:193,ioopm_remove_from_cart
FNDA:1,ioopm_remove_from_cart
FN:213,calculate_cost
FNDA:4,calculate_cost
FN:232,checkout
FNDA:3,checkout
FN:282,ioopm_create_cart_list
FNDA:7,ioopm_create_cart_list
FN:287,ioopm_destroy_cart_list
FNDA:8,ioopm_destroy_cart_list
FN:301,cart_unique
FNDA:8,cart_unique
FN:306,create_cart_in_cart_list
FNDA:5,create_cart_in_cart_list
DA:21,2
DA:23,2
DA:26,0
DA:28,0
DA:29,0
DA:30,0
DA:33,21
DA:35,21
DA:36,21
DA:38,21
DA:39,21
DA:40,21
DA:43,8
DA:45,8
DA:46,8
DA:47,8
DA:48,8
DA:51,2
DA:53,2
DA:55,2
DA:56,2
DA:58,0
DA:61,9
DA:63,9
DA:65,8
DA:67,8
DA:69,8
DA:71,8
DA:73,8
DA:74,8
DA:77,0
DA:78,0
DA:82,0
DA:83,0
DA:85,0
DA:86,0
DA:89,0
DA:90,0
DA:95,0
DA:96,0
DA:103,1
DA:104,1
DA:108,9
DA:110,9
DA:112,9
DA:113,9
DA:115,3
DA:119,3
DA:123,6
DA:126,19
DA:128,19
DA:131,0
DA:133,0
DA:134,0
DA:136,0
DA:138,0
DA:140,0
DA:141,0
DA:143,0
DA:145,0
DA:146,0
DA:147,0
DA:148,0
DA:151,0
DA:152,0
DA:153,0
DA:155,0
DA:157,22
DA:159,22
DA:162,21
DA:163,21
DA:165,28
DA:167,7
DA:168,7
DA:169,7
DA:172,21
DA:173,21
DA:174,21
DA:175,21
DA:176,21
DA:180,1
DA:184,5
DA:189,5
DA:190,5
DA:191,5
DA:193,1
DA:195,1
DA:197,1
DA:198,1
DA:199,1
DA:200,1
DA:201,1
DA:202,1
DA:206,0
DA:208,1
DA:210,0
DA:213,4
DA:215,4
DA:217,4
DA:219,4
DA:220,7
DA:222,3
DA:224,3
DA:226,4
DA:227,4
DA:229,0
DA:232,3
DA:234,3
DA:236,3
DA:237,3
DA:239,2
DA:241,2
DA:242,2
DA:245,4
DA:247,2
DA:249,2
DA:250,2
DA:252,2
DA:254,4
DA:256,2
DA:257,2
DA:258,2
DA:263,0
DA:264,0
DA:267,2
DA:269,2
DA:270,2
DA:274,1
DA:276,3
DA:278,0
DA:279,0
DA:282,7
DA:284,7
DA:287,8
DA:289,8
DA:291,7
DA:292,7
DA:293,7
DA:297,1
DA:301,8
DA:303,8
DA:306,5
DA:308,5
DA:310,5
DA:311,5
DA:312,5
DA:316,0
DA:317,0
end_of_record
TN:
SF:/mnt/c/Users/admin/OneDrive/Dokument/GitHub/IOOPM_inlupp2/Back_end/shopping_cart_test.c
FN:10,test_create
FNDA:1,test_create
FN:22,test_destroy
FNDA:1,test_destroy
FN:37,test_id_and_eq_cart
FNDA:1,test_id_and_eq_cart
FN:52,test_cart_unique
FNDA:1,test_cart_unique
FN:69,test_amount_items_in_cart
FNDA:1,test_amount_items_in_cart
FN:89,test_is_in_shopping_cart
FNDA:1,test_is_in_shopping_cart
FN:112,test_choose_cart
FNDA:1,test_choose_cart
FN:132,test_add_to_cart
FNDA:1,test_add_to_cart
FN:163,test_remove_cart_items
FNDA:1,test_remove_cart_items
FN:192,test_calculate_cost
FNDA:1,test_calculate_cost
FN:217,test_checkout
FNDA:1,test_checkout
FN:244,init_suite
FNDA:1,init_suite
FN:251,clean_suite
FNDA:1,clean_suite
FN:260,test1
FNDA:1,test1
FN:265,test2
FNDA:1,test2
FN:270,main
FNDA:1,main
DA:10,1
DA:12,1
DA:13,1
DA:15,1
DA:16,1
DA:18,1
DA:19,1
DA:20,1
DA:22,1
DA:24,1
DA:25,1
DA:27,1
DA:28,1
DA:30,1
DA:31,1
DA:33,1
DA:34,1
DA:35,1
DA:37,1
DA:39,1
DA:40,1
DA:41,1
DA:42,1
DA:44,1
DA:45,1
DA:46,1
DA:49,1
DA:50,1
DA:52,1
DA:54,1
DA:55,1
DA:56,1
DA:57,1
DA:58,1
DA:60,1
DA:61,1
DA:63,1
DA:65,1
DA:66,1
DA:67,1
DA:69,1
DA:71,1
DA:72,1
DA:73,1
DA:74,1
DA:75,1
DA:76,1
DA:77,1
DA:79,1
DA:80,1
DA:81,1
DA:83,1
DA:84,1
DA:85,1
DA:86,1
DA:87,1
DA:89,1
DA:91,1
DA:92,1
DA:93,1
DA:95,1
DA:96,1
DA:97,1
DA:98,1
DA:99,1
DA:101,1
DA:102,1
DA:103,1
DA:104,1
DA:106,1
DA:107,1
DA:108,1
DA:109,1
DA:110,1
DA:112,1
DA:114,1
DA:115,1
DA:116,1
DA:117,1
DA:118,1
DA:120,1
DA:121,1
DA:122,1
DA:124,1
DA:125,1
DA:127,1
DA:128,1
DA:129,1
DA:130,1
DA:132,1
DA:134,1
DA:135,1
DA:136,1
DA:137,1
DA:138,1
DA:139,1
DA:141,1
DA:142,1
DA:143,1
DA:145,1
DA:146,1
DA:148,1
DA:149,1
DA:151,1
DA:152,1
DA:153,1
DA:154,1
DA:156,1
DA:157,1
DA:158,1
DA:159,1
DA:160,1
DA:161,1
DA:163,1
DA:165,1
DA:166,1
DA:167,1
DA:168,1
DA:169,1
DA:171,1
DA:172,1
DA:173,1
DA:175,1
DA:177,1
DA:178,1
DA:180,1
DA:182,1
DA:184,1
DA:189,1
DA:190,1
DA:192,1
DA:194,1
DA:195,1
DA:196,1
DA:197,1
DA:198,1
DA:199,1
DA:200,1
DA:202,1
DA:204,1
DA:206,1
DA:208,1
DA:209,1
DA:211,1
DA:212,1
DA:213,1
DA:214,1
DA:215,1
DA:217,1
DA:219,1
DA:220,1
DA:221,1
DA:222,1
DA:223,1
DA:225,1
DA:227,1
DA:229,1
DA:230,1
DA:232,1
DA:233,1
DA:234,1
DA:236,1
DA:238,1
DA:239,1
DA:240,1
DA:241,1
DA:242,1
DA:244,1
DA:248,1
DA:251,1
DA:255,1
DA:260,1
DA:262,1
DA:263,1
DA:265,1
DA:267,1
DA:268,1
DA:270,1
DA:273,1
DA:274,0
DA:278,1
DA:279,1
DA:282,0
DA:283,0
DA:291,1
DA:292,2
DA:293,2
DA:294,2
DA:295,2
DA:296,2
DA:297,2
DA:298,2
DA:299,2
DA:300,2
DA:301,2
DA:302,2
DA:303,2
DA:304,1
DA:308,0
DA:309,0
DA:315,1
DA:319,1
DA:322,1
DA:323,1
end_of_record
TN:
SF:/mnt/c/Users/admin/OneDrive/Dokument/GitHub/IOOPM_inlupp2/Back_end/Generic_func_Data_types/store_specific_data_types.c
FN:3,ioopm_elem_item_eq
FNDA:0,ioopm_elem_item_eq
FN:11,cmpstringp
FNDA:0,cmpstringp
DA:3,0
DA:5,0
DA:6,0
DA:7,0
DA:11,0
DA:13,0
end_of_record
TN:
SF:/mnt/c/Users/admin/OneDrive/Dokument/GitHub/IOOPM_inlupp2/Back_end/Generic_func_Data_types/utils.c
FN:3,conv_int_answer
FNDA:0,conv_int_answer
FN:9,conv_str_answer
FNDA:0,conv_str_answer
FN:14,clear_input_buffer
FNDA:0,clear_input_buffer
FN:23,not_empty
FNDA:0,not_empty
FN:28,print
FNDA:0,print
FN:36,println
FNDA:0,println
FN:42,is_number
FNDA:0,is_number
FN:56,read_string
FNDA:0,read_string
FN:77,ask_question
FNDA:0,ask_question
FN:98,ask_question_int
FNDA:0,ask_question_int
FN:104,ask_question_string
FNDA:0,ask_question_string
FN:109,string_length
FNDA:6,string_length
DA:3,0
DA:5,0
DA:6,0
DA:9,0
DA:11,0
DA:14,0
DA:19,0
DA:20,0
DA:21,0
DA:23,0
DA:25,0
DA:28,0
DA:30,0
DA:32,0
DA:34,0
DA:36,0
DA:38,0
DA:39,0
DA:40,0
DA:42,0
DA:44,0
DA:46,0
DA:48,0
DA:49,0
DA:51,0
DA:53,0
DA:56,0
DA:58,0
DA:61,0
DA:63,0
DA:64,0
DA:66,0
DA:68,0
DA:69,0
DA:71,0
DA:72,0
DA:73,0
DA:74,0
DA:77,0
DA:78,0
DA:79,0
DA:80,0
DA:82,0
DA:86,0
DA:87,0
DA:89,0
DA:91,0
DA:95,0
DA:98,0
DA:100,0
DA:101,0
DA:104,0
DA:106,0
DA:109,6
DA:111,6
DA:112,24
DA:115,6
end_of_record
